2022-10-04T11:29:25.039381Z 0 [Warning] [MY-010097] [Server] Insecure configuration for --secure-file-priv: Current value does not restrict location of generated files. Consider setting it to a valid, non-empty path.
2022-10-04T11:29:25.039451Z 0 [Warning] [MY-010918] [Server] 'default_authentication_plugin' is deprecated and will be removed in a future release. Please use authentication_policy instead.
2022-10-04T11:29:25.039507Z 0 [System] [MY-010116] [Server] F:\laragon\laragon\bin\mysql\mysql-8.0.30-winx64\bin\mysqld (mysqld 8.0.30) starting as process 15368
2022-10-04T11:29:25.091358Z 1 [System] [MY-013576] [InnoDB] InnoDB initialization has started.
2022-10-04T11:29:25.690133Z 1 [System] [MY-013577] [InnoDB] InnoDB initialization has ended.
2022-10-04T11:29:26.343333Z 0 [Warning] [MY-013829] [Server] Missing data directory for ICU regular expressions: F:\laragon\laragon\bin\mysql\mysql-8.0.30-winx64\lib\private\.
2022-10-04T11:29:26.348833Z 0 [Warning] [MY-010068] [Server] CA certificate ca.pem is self signed.
2022-10-04T11:29:26.349767Z 0 [System] [MY-013602] [Server] Channel mysql_main configured to support TLS. Encrypted connections are now supported for this channel.
2022-10-04T11:29:26.431143Z 0 [System] [MY-011323] [Server] X Plugin ready for connections. Bind-address: '::' port: 33060
2022-10-04T11:29:26.431257Z 0 [System] [MY-010931] [Server] F:\laragon\laragon\bin\mysql\mysql-8.0.30-winx64\bin\mysqld: ready for connections. Version: '8.0.30'  socket: ''  port: 3306  MySQL Community Server - GPL.
2022-10-04T11:33:31.359124Z 8 [System] [MY-013172] [Server] Received SHUTDOWN from user root. Shutting down mysqld (Version: 8.0.30).
2022-10-04T11:33:31.360277Z 0 [System] [MY-013105] [Server] F:\laragon\laragon\bin\mysql\mysql-8.0.30-winx64\bin\mysqld: Normal shutdown.
2022-10-04T11:33:32.560384Z 0 [System] [MY-010910] [Server] F:\laragon\laragon\bin\mysql\mysql-8.0.30-winx64\bin\mysqld: Shutdown complete (mysqld 8.0.30)  MySQL Community Server - GPL.
2022-10-04T18:13:28.423732Z 0 [Warning] [MY-010097] [Server] Insecure configuration for --secure-file-priv: Current value does not restrict location of generated files. Consider setting it to a valid, non-empty path.
2022-10-04T18:13:28.424720Z 0 [Warning] [MY-010918] [Server] 'default_authentication_plugin' is deprecated and will be removed in a future release. Please use authentication_policy instead.
2022-10-04T18:13:28.424778Z 0 [System] [MY-010116] [Server] F:\laragon\laragon\bin\mysql\mysql-8.0.30-winx64\bin\mysqld (mysqld 8.0.30) starting as process 15492
2022-10-04T18:13:28.527494Z 1 [System] [MY-013576] [InnoDB] InnoDB initialization has started.
2022-10-04T18:13:29.103189Z 1 [System] [MY-013577] [InnoDB] InnoDB initialization has ended.
2022-10-04T18:13:29.682270Z 0 [Warning] [MY-013829] [Server] Missing data directory for ICU regular expressions: F:\laragon\laragon\bin\mysql\mysql-8.0.30-winx64\lib\private\.
2022-10-04T18:13:29.713954Z 0 [Warning] [MY-010068] [Server] CA certificate ca.pem is self signed.
2022-10-04T18:13:29.714943Z 0 [System] [MY-013602] [Server] Channel mysql_main configured to support TLS. Encrypted connections are now supported for this channel.
2022-10-04T18:13:29.778251Z 0 [System] [MY-011323] [Server] X Plugin ready for connections. Bind-address: '::' port: 33060
2022-10-04T18:13:29.778387Z 0 [System] [MY-010931] [Server] F:\laragon\laragon\bin\mysql\mysql-8.0.30-winx64\bin\mysqld: ready for connections. Version: '8.0.30'  socket: ''  port: 3306  MySQL Community Server - GPL.
